<?xml version="1.0" encoding="UTF-8"?>
<!-- Generated by org.testng.reporters.JUnitReportReporter -->
<testsuite hostname="MRIDULA-KEG9N97" failures="0" tests="1" name="register.TC_DWS_002_Test" time="0.010" errors="0" timestamp="2024-05-09T16:42:43 IST" skipped="0">
  <testcase classname="register.TC_DWS_002_Test" name="getDataFromFile" time="0.010"/>
  <system-out/>
</testsuite> <!-- register.TC_DWS_002_Test -->
