<?xml version="1.0" encoding="UTF-8"?>
<!-- Generated by org.testng.reporters.JUnitReportReporter -->
<testsuite hostname="MRIDULA-KEG9N97" failures="0" tests="1" name="extentReport.AttachScreenshot" time="10.113" errors="0" timestamp="2024-05-10T15:43:20 IST" skipped="0">
  <testcase classname="extentReport.AttachScreenshot" name="screenshot" time="10.113"/>
  <system-out/>
</testsuite> <!-- extentReport.AttachScreenshot -->
