<?xml version="1.0" encoding="UTF-8"?>
<!-- Generated by org.testng.reporters.JUnitReportReporter -->
<testsuite hostname="MRIDULA-KEG9N97" failures="0" tests="1" name="extentReport.ToLearnExtentReports" time="0.451" errors="0" timestamp="2024-05-10T15:23:01 IST" skipped="0">
  <testcase classname="extentReport.ToLearnExtentReports" name="report" time="0.451"/>
  <system-out/>
</testsuite> <!-- extentReport.ToLearnExtentReports -->
